Trying 52.97.28.194:587...
Connected to smtp.office365.com (52.97.28.194) port 587 (#0)
S: 220 SCZP215CA0028.outlook.office365.com Microsoft ESMTP MAIL Service ready at Mon, 21 Aug 2023 1
S: 5:10:01 +0000
C: EHLO N-VI-I-IN-002
S: 250-SCZP215CA0028.outlook.office365.com Hello [190.196.21.74]
S: 250-SIZE 157286400
S: 250-PIPELINING
S: 250-DSN
S: 250-ENHANCEDSTATUSCODES
S: 250-STARTTLS
S: 250-8BITMIME
S: 250-BINARYMIME
S: 250-CHUNKING
S: 250 SMTPUTF8
C: STARTTLS
S: 220 2.0.0 SMTP server ready
C: .....
TLSv1.3 (OUT), TLS handshake, Client hello (1):
C: ......fL....R.H..9&..xv.....:o.GTI..f1 c.w...I.......C....?*.@....(^`0..>.......,.0.........+./.
C: ..$.(.k.#.'.g.....9.....3.....=.<.5./.....u.........smtp.office365.com..........................
C: .......1.....0.................................................+............-.....3.&.$... .*r..
C: Bg..C+2...t.U_.n.......r..C.....................................................................
C: ................................................................................................
C: ................................
S: ....X
TLSv1.3 (IN), TLS handshake, Server hello (2):
S: ...T...!.t..a......e......z..^......3. c.w...I.......C....?*.@....(^`0.......+.....3....
C: .....
TLSv1.3 (OUT), TLS change cipher, Change cipher spec (1):
C: .
C: .....
TLSv1.3 (OUT), TLS handshake, Client hello (1):
C: ......fL....R.H..9&..xv.....:o.GTI..f1 c.w...I.......C....?*.@....(^`0..>.......,.0.........+./.
C: ..$.(.k.#.'.g.....9.....3.....=.<.5./.....u.........smtp.office365.com..........................
C: .......1.....0.................................................+............-.....3.g.e...a.Af .
C: .{..%&......2....U....x..0N."..6..*.s.-Vz..Cr.*.......`............1.!}1A..o.=..0`.Q[.:...%$....
C: ................................................................................................
C: ................................
S: .....
S: .....
TLSv1.3 (IN), TLS handshake, Server hello (2):
S: ........t..(....{.p)..._e.W.b../...... c.w...I.......C....?*.@....(^`0.....o.+.....3.e...a.xm.r.
S: E5..3k............E......xj.VsA..?.........|..Ah....7...p.&)...-....Imy5OK...*..r.......0.
S: .....
S: .
TLSv1.3 (IN), TLS handshake, Encrypted Extensions (8):
S: ......
TLSv1.3 (IN), TLS handshake, Request CERT (13):
S: ...!.................................
TLSv1.3 (IN), TLS handshake, Certificate (11):
S: ...........0...0..............s^/]M....fw,0...*.H........0K1.0...U....US1.0...U....DigiCert Inc1
S: %0#..U....DigiCert Cloud Services CA-10...230531000000Z..240530235959Z0j1.0...U....US1.0...U....
S: Washington1.0...U....Redmond1.0...U....Microsoft Corporation1.0...U....outlook.com0.."0...*.H...
S: ..........0.........?|1..z.....<.j.Z8O..;..L.............L.P(.+L.....A...xo7+..../^....%.b...j..
S: s......|.)....7p.2.Q.Wy.............\..U..,4.4.........5{8.g.....&.u..x9..w.....N.]_.8.|.[..b...
S: ..........J.B...k/6.Z..s...............+.U.....0...y.....U.NO...Z.M0ZJ.....|.7..;..........e0..a
S: 0...U.#..0....Q..1s.s....~].W....0...U.......P.>pDy....,..gu6U..0.....U......0.....*.clo.footpri
S: ntdns.com..*.hotmail.com..*.internal.outlook.com..*.live.com..*.nrb.footprintdns.com..*.office.c
S: om..*.office365.com..*.outlook.com..*.outlook.office365.com..attachment.outlook.live.net..attach
S: ment.outlook.office.net. attachment.outlook.officeppe.net..attachments.office.net..attachments-s
S: df.office.net..ccs.login.microsoftonline.com.!ccs-sdf.login.microsoftonline.com..hotmail.com..ma
S: il.services.live.com..office365.com..outlook.com..outlook.office.com..substrate.office.com..subs
S: trate-sdf.office.com0...U...........0...U.%..0...+.........+.......0....U.....0..0?.=.;.9http://
S: crl3.digicert.com/DigiCertCloudServicesCA-1-g1.crl0?.=.;.9http://crl4.digicert.com/DigiCertCloud
S: ServicesCA-1-g1.crl0>..U. .70503..g.....0)0'..+.........http://www.digicert.com/CPS0|..+........
S: p0n0%..+.....0...http://ocspx.digicert.com0E..+.....0..9http://cacerts.digicert.com/DigiCertClou
S: dServicesCA-1.crt0...U.......0.0..~..+.....y......n...j.h.v....d.....\......2.F|....QHYFq.......
S: s..X.....G0E.!..(.n..]e...?...<@../.;.I&.5.<=L.. .-.O...........<3.......WF.C.%...w.H..k..G4..j.
S: ..0..R..V.,.....9..s....s..@.....H0F.!....KNLg..(...........UQ)D..:.../.!..].+...f........D.....
S: ..H.c..gO..u....k?.."....\k.p.ql.Q..4..=0H.......s........F0D. (....0....v|.....O.{q-.5.1m>y....
S:  \:...-z...0...MUFxOcC?....s..?..0...*.H.............d..l...5&4l..4...Z.Y)..(O.R..TF..*.......!.
S: /.}H.........8.H.E.;...}...*.}..K.M.....R.&.......=.....-rI....c.bT..Q..-i..Q....z....&IW15.~...
S: .{p~..................jS....$.a..P3..C.[..7...U.......&....\Fskv5......pY..;........iJ)..../..$/
S: .n<.0........".!..........0...0.............H..#.........0...*.H........0a1.0...U....US1.0...U..
S: ..DigiCert Inc1.0...U....www.digicert.com1 0...U....DigiCert Global Root CA0...200925000000Z..30
S: 0924235959Z0K1.0...U....US1.0...U....DigiCert Inc1%0#..U....DigiCert Cloud Services CA-10.."0...
S: *.H.............0.............yT'W./.h<.<.g.E.,...G..SBE....3...F/.....gx|jp.....T.L^.."tsU).s.d
S: .....y.P._....Ba....A..N.......[.s....qb...@9..../.......2...>...t#.K...s.%<....h..0.`.;....;;.
S: .1.|t......h...k....~F%N........o.' B]a.?`.|.r.|....H.S.."...Q]m..t..3O...>VFG.s ..z>..]........
S: ..0...0...U.......Q..1s.s....~].W....0...U.#..0.....P5V.L.f........=.U0...U...........0...U.%..0
S: ...+.........+.......0...U.......0.......0v..+........j0h0$..+.....0...http://ocsp.digicert.com0
S: @..+.....0..4http://cacerts.digicert.com/DigiCertGlobalRootCA.crt0{..U...t0r07.5.3.1http://crl3.
S: digicert.com/DigiCertGlobalRootCA.crl07.5.3.1http://crl4.digicert.com/DigiCertGlobalRootCA.crl00
S: ..U. .)0'0...g....0...g.....0...g.....0...g.....0...*.H.............4.9.0..[.a......\..*.7. k.6J
S: hF..7...Y..V..-....pE....{...kK.|...kh....).^.zn..A}@.U.R.h.F..1.)C\-....8......%......y...q.]wC
S: ...h...Rk5j..;.,..Z:p_l+Hi...).0..O...... ...Z+y..M.......0.p..'...5.....|.....y...<ys.G$.)./..
S: .\QA.qC.[.......e..T.2...$..MC+X...z..
TLSv1.3 (IN), TLS handshake, CERT verify (15):
S: .........N.m.g...+=..$@..&...wq...9o"j...!..V.....?..5R.._./..$..ne"....[..$.Z....Q........L.PH.
S: ....2&7Kd...g.._..VA..4.J.#9h.. ..W...[.....^.....s/e...N....K|...SG..\.....`{RNa}...}..,.V.Z..C
S: .u=h]../..4v...-.X...d...^....Vr.............a../......P...`K....{N.....
TLSv1.3 (IN), TLS handshake, Finished (20):
S: ...0M.W..0.....;X,.c}.....N.^.GlUz..3.x..g.....RA.\
C: .....
C: .
TLSv1.3 (OUT), TLS handshake, Certificate (11):
C: ........
C: ....E
C: .
TLSv1.3 (OUT), TLS handshake, Finished (20):
C: ...0...f=}H.B..O/C.f.........9...8ey1..xdrj......@\Y
SSL connection using TLSv1.3 / TLS_AES_256_GCM_SHA384
Server certificate:
subject: C=US; ST=Washington; L=Redmond; O=Microsoft Corporation; CN=outlook.com
start date: May 31 00:00:00 2023 GMT
expire date: May 30 23:59:59 2024 GMT
issuer: C=US; O=DigiCert Inc; CN=DigiCert Cloud Services CA-1
SSL certificate verify result: unable to get local issuer certificate (20), continuing anyway.
C: ....%
C: .
C: EHLO N-VI-I-IN-002
S: ....b
S: .
TLSv1.3 (IN), TLS handshake, Newsession Ticket (4):
S: ...M.....8#> ....F.5(......c....4......Vx-..%. .,..S.../.@}...;.r..q..5...>..E..
S: .....
S: .
S: 250-SCZP215CA0028.outlook.office365.com Hello [190.196.21.74]
S: 250-SIZE 157286400
S: 250-PIPELINING
S: 250-DSN
S: 250-ENHANCEDSTATUSCODES
S: 250-AUTH LOGIN XOAUTH2
S: 250-8BITMIME
S: 250-BINARYMIME
S: 250-CHUNKING
S: 250 SMTPUTF8
C: .....
C: .
C: AUTH LOGIN
S: ....#
S: .
S: 334 VXNlcm5hbWU6
C: ....3
C: .
C: c2VuZG1haWxAcmlvYmxhbmNvLm5ldA==
S: ....#
S: .
S: 334 UGFzc3dvcmQ6
C: ....'
C: .
C: cmlvLmJsYW5jby4yMDE5
S: ....6
S: .
S: 235 2.7.0 Authentication successful
C: ....?
C: .
C: MAIL FROM:<sendmail@rioblanco.net> SIZE=1093
S: ....&
S: .
S: 250 2.1.0 Sender OK
C: ....9
C: .
C: RCPT TO:<istok.carvallo@rioblanco.net>
S: ....)
S: .
S: 250 2.1.5 Recipient OK
C: .....
C: .
C: DATA
S: ....?
S: .
S: 354 Start mail input; end with <CRLF>.<CRLF>
C: ....V
C: .
C: Content-Type: multipart/mixed; boundary=------------------------83ae5e9ea136a371
C: Mime-Version: 1.0
C: From: SENDMAIL <sendmail@rioblanco.net>
C: To: istok.carvallo@rioblanco.net
C: X-Priority: 3 
C: Subject: Error de Base Datos en: SISTEMA FRUTA PROCESADA
C: 
C: Message - ID: <C8782672-6C58-4C9A-A672-0341F133A369@N-VI-I-IN-002>
C: 
C: 
C: --------------------------83ae5e9ea136a371
C: Content-Type: multipart/alternative; boundary=------------------------88f7ae02243c535c
C: Content-Disposition: inline
C: 
C: --------------------------88f7ae02243c535c
C: Content-Type: text/plain; charset=UTF-8
C: Content-Transfer-Encoding: 8bit
C: 
C: Estimados:
C: 
C: Error Text..: SQLSTATE = 08001
C: Microsoft SQL Server Native Client 11.0
C: Named Pipes Provider: Could not open a connection to SQL Server [64]. 
C: 
C: Base de Datos...: ProdGraneros_2022
C: Usuario APP...: Istok.Carvallo
C: Computador ...: N-VI-I-IN-002
C: Login BD...: Istok.Carvallo
C: Servidor...: 192.168.203.253
C: Fecha....: 21/08/2023 11:10:02
C: Sistema....: SISTEMA FRUTA PROCESADA
C: 
C: --------------------------88f7ae02243c535c--
C: 
C: --------------------------83ae5e9ea136a371--
We are completely uploaded and fine
C: .....
C: .
S: .....
S: .
S: 250 2.0.0 OK <DS7PR10MB71786ABB5B2A8CAF140E122BC71EA@DS7PR10MB7178.namprd10.prod.outlook.com> [H
S: ostname=DS7PR10MB7178.namprd10.prod.outlook.com]
Connection #0 to host smtp.office365.com left intact
Connection #0 to host smtp.office365.com left intact
Email sent successfully!
End Connnect: 2023-08-21 11:10:07

==================================================================================

